[2021-06-20 14:17:01,968] DEBUG [telegram.ext.dispatcher._set_singleton:340] Setting singleton dispatcher as <telegram.ext.dispatcher.Dispatcher object at 0x7ff950e7ec70>
[2021-06-20 14:17:01,969] DEBUG [telegram.bot.decorator:128] Entering: set_my_commands
[2021-06-20 14:17:02,747] DEBUG [telegram.bot.decorator:130] True
[2021-06-20 14:17:02,747] DEBUG [telegram.bot.decorator:131] Exiting: set_my_commands
[2021-06-20 14:17:02,748] INFO [apscheduler.scheduler.start:166] Scheduler started
[2021-06-20 14:17:02,748] DEBUG [apscheduler.scheduler._process_jobs:940] Looking for jobs to run
[2021-06-20 14:17:02,748] DEBUG [telegram.bot.decorator:128] Entering: get_me
[2021-06-20 14:17:02,749] DEBUG [apscheduler.scheduler._process_jobs:1016] No jobs; waiting until a job is added
[2021-06-20 14:17:02,912] DEBUG [telegram.bot.decorator:130] {'can_join_groups': True, 'is_bot': True, 'can_read_all_group_messages': False, 'username': 'form_telebot', 'first_name': 'Form Bot', 'supports_inline_queries': False, 'id': 1869792637}
[2021-06-20 14:17:02,912] DEBUG [telegram.bot.decorator:131] Exiting: get_me
[2021-06-20 14:17:02,913] DEBUG [telegram.ext.updater._thread_wrapper:351] Bot:1869792637:dispatcher - started
[2021-06-20 14:17:02,913] DEBUG [telegram.ext.updater._thread_wrapper:351] Bot:1869792637:updater - started
[2021-06-20 14:17:02,914] DEBUG [telegram.ext.updater._start_polling:585] Updater thread started (polling)
[2021-06-20 14:17:02,914] DEBUG [telegram.ext.updater._network_loop_retry:642] Start network loop retry bootstrap del webhook
[2021-06-20 14:17:02,914] DEBUG [telegram.ext.updater.bootstrap_del_webhook:760] Deleting webhook
[2021-06-20 14:17:02,914] DEBUG [telegram.ext.updater.start_polling:435] Waiting for Dispatcher and polling to start
[2021-06-20 14:17:02,915] DEBUG [telegram.bot.decorator:128] Entering: delete_webhook
[2021-06-20 14:17:02,917] DEBUG [telegram.ext.dispatcher.start:466] Dispatcher started
[2021-06-20 14:17:03,079] DEBUG [telegram.bot.decorator:130] True
[2021-06-20 14:17:03,079] DEBUG [telegram.bot.decorator:131] Exiting: delete_webhook
[2021-06-20 14:17:03,080] DEBUG [telegram.ext.updater._start_polling:594] Bootstrap done
[2021-06-20 14:17:03,080] DEBUG [telegram.ext.updater._network_loop_retry:642] Start network loop retry getting Updates
[2021-06-20 14:17:03,080] DEBUG [telegram.bot.decorator:128] Entering: get_updates
[2021-06-20 14:17:06,466] DEBUG [telegram.bot.get_updates:2824] Getting updates: [676219769]
[2021-06-20 14:17:06,467] DEBUG [telegram.bot.decorator:130] [<telegram.update.Update object at 0x7ff950d5f400>]
[2021-06-20 14:17:06,467] DEBUG [telegram.bot.decorator:131] Exiting: get_updates
[2021-06-20 14:17:06,467] DEBUG [telegram.bot.decorator:128] Entering: get_updates
[2021-06-20 14:17:06,467] DEBUG [telegram.ext.dispatcher.start:484] Processing Update: {'message': {'entities': [{'type': 'bot_command', 'length': 7, 'offset': 0}], 'text': '/create', 'photo': [], 'chat': {'type': 'private', 'username': 'the_whitedevil', 'id': 576048895, 'first_name': 'Jagz'}, 'delete_chat_photo': False, 'message_id': 2029, 'caption_entities': [], 'channel_chat_created': False, 'new_chat_photo': [], 'group_chat_created': False, 'supergroup_chat_created': False, 'date': 1624178826, 'new_chat_members': [], 'from': {'is_bot': False, 'username': 'the_whitedevil', 'first_name': 'Jagz', 'id': 576048895, 'language_code': 'en'}}, 'update_id': 676219769}
[2021-06-20 14:17:06,468] DEBUG [telegram.ext.conversationhandler.check_update:558] selecting conversation (576048895, 576048895) with state None
[2021-06-20 14:17:06,468] DEBUG [telegram.bot.decorator:128] Entering: send_message
[2021-06-20 14:17:07,148] DEBUG [telegram.bot.decorator:130] {'entities': [], 'text': 'Lets create forms !', 'photo': [], 'chat': {'type': 'private', 'username': 'the_whitedevil', 'id': 576048895, 'first_name': 'Jagz'}, 'delete_chat_photo': False, 'message_id': 2030, 'caption_entities': [], 'channel_chat_created': False, 'new_chat_photo': [], 'group_chat_created': False, 'supergroup_chat_created': False, 'date': 1624178826, 'new_chat_members': [], 'from': {'is_bot': True, 'username': 'form_telebot', 'first_name': 'Form Bot', 'id': 1869792637}}
[2021-06-20 14:17:07,149] DEBUG [telegram.bot.decorator:131] Exiting: send_message
[2021-06-20 14:17:07,149] DEBUG [telegram.bot.decorator:128] Entering: send_message
[2021-06-20 14:17:07,582] DEBUG [telegram.bot.decorator:130] {'entities': [], 'text': 'Enter the title for your form :', 'photo': [], 'chat': {'type': 'private', 'username': 'the_whitedevil', 'id': 576048895, 'first_name': 'Jagz'}, 'delete_chat_photo': False, 'message_id': 2031, 'caption_entities': [], 'channel_chat_created': False, 'new_chat_photo': [], 'group_chat_created': False, 'supergroup_chat_created': False, 'date': 1624178827, 'new_chat_members': [], 'from': {'is_bot': True, 'username': 'form_telebot', 'first_name': 'Form Bot', 'id': 1869792637}}
[2021-06-20 14:17:07,583] DEBUG [telegram.bot.decorator:131] Exiting: send_message
[2021-06-20 14:17:14,707] DEBUG [telegram.bot.get_updates:2824] Getting updates: [676219770]
[2021-06-20 14:17:14,707] DEBUG [telegram.bot.decorator:130] [<telegram.update.Update object at 0x7ff950d5f940>]
[2021-06-20 14:17:14,708] DEBUG [telegram.bot.decorator:131] Exiting: get_updates
[2021-06-20 14:17:14,708] DEBUG [telegram.bot.decorator:128] Entering: get_updates
[2021-06-20 14:17:14,709] DEBUG [telegram.ext.dispatcher.start:484] Processing Update: {'message': {'entities': [{'type': 'bot_command', 'length': 6, 'offset': 0}], 'text': '/start 576048895_15', 'photo': [], 'chat': {'type': 'private', 'username': 'the_whitedevil', 'id': 576048895, 'first_name': 'Jagz'}, 'delete_chat_photo': False, 'message_id': 2032, 'caption_entities': [], 'channel_chat_created': False, 'new_chat_photo': [], 'group_chat_created': False, 'supergroup_chat_created': False, 'date': 1624178834, 'new_chat_members': [], 'from': {'is_bot': False, 'username': 'the_whitedevil', 'first_name': 'Jagz', 'id': 576048895, 'language_code': 'en'}}, 'update_id': 676219770}
[2021-06-20 14:17:14,709] DEBUG [telegram.ext.conversationhandler.check_update:558] selecting conversation (576048895, 576048895) with state 1
[2021-06-20 14:17:14,709] DEBUG [telegram.bot.decorator:128] Entering: send_message
[2021-06-20 14:17:15,108] DEBUG [telegram.bot.decorator:130] {'entities': [{'type': 'bot_command', 'length': 6, 'offset': 67}], 'text': 'Your current process is cancelled !\nPlease enter the command again /start', 'photo': [], 'chat': {'type': 'private', 'username': 'the_whitedevil', 'id': 576048895, 'first_name': 'Jagz'}, 'delete_chat_photo': False, 'message_id': 2033, 'caption_entities': [], 'channel_chat_created': False, 'new_chat_photo': [], 'group_chat_created': False, 'supergroup_chat_created': False, 'date': 1624178834, 'new_chat_members': [], 'from': {'is_bot': True, 'username': 'form_telebot', 'first_name': 'Form Bot', 'id': 1869792637}}
[2021-06-20 14:17:15,109] DEBUG [telegram.bot.decorator:131] Exiting: send_message
[2021-06-20 14:17:17,346] DEBUG [telegram.bot.get_updates:2824] Getting updates: [676219771]
[2021-06-20 14:17:17,347] DEBUG [telegram.bot.decorator:130] [<telegram.update.Update object at 0x7ff950d5f700>]
[2021-06-20 14:17:17,347] DEBUG [telegram.bot.decorator:131] Exiting: get_updates
[2021-06-20 14:17:17,347] DEBUG [telegram.bot.decorator:128] Entering: get_updates
[2021-06-20 14:17:17,348] DEBUG [telegram.ext.dispatcher.start:484] Processing Update: {'message': {'entities': [{'type': 'bot_command', 'length': 6, 'offset': 0}], 'text': '/start', 'photo': [], 'chat': {'type': 'private', 'username': 'the_whitedevil', 'id': 576048895, 'first_name': 'Jagz'}, 'delete_chat_photo': False, 'message_id': 2034, 'caption_entities': [], 'channel_chat_created': False, 'new_chat_photo': [], 'group_chat_created': False, 'supergroup_chat_created': False, 'date': 1624178837, 'new_chat_members': [], 'from': {'is_bot': False, 'username': 'the_whitedevil', 'first_name': 'Jagz', 'id': 576048895, 'language_code': 'en'}}, 'update_id': 676219771}
[2021-06-20 14:17:17,348] DEBUG [telegram.ext.conversationhandler.check_update:558] selecting conversation (576048895, 576048895) with state None
[2021-06-20 14:17:17,349] DEBUG [telegram.bot.decorator:128] Entering: send_message
[2021-06-20 14:17:17,710] DEBUG [telegram.bot.decorator:130] {'entities': [], 'text': 'I m here for creating forms', 'photo': [], 'chat': {'type': 'private', 'username': 'the_whitedevil', 'id': 576048895, 'first_name': 'Jagz'}, 'delete_chat_photo': False, 'message_id': 2035, 'caption_entities': [], 'channel_chat_created': False, 'new_chat_photo': [], 'group_chat_created': False, 'supergroup_chat_created': False, 'date': 1624178837, 'new_chat_members': [], 'from': {'is_bot': True, 'username': 'form_telebot', 'first_name': 'Form Bot', 'id': 1869792637}}
[2021-06-20 14:17:17,710] DEBUG [telegram.bot.decorator:131] Exiting: send_message
[2021-06-20 14:17:17,711] DEBUG [telegram.bot.decorator:128] Entering: send_message
[2021-06-20 14:17:18,066] DEBUG [telegram.bot.decorator:130] {'entities': [{'type': 'bot_command', 'length': 7, 'offset': 5}], 'text': 'Type /create to start creating', 'photo': [], 'chat': {'type': 'private', 'username': 'the_whitedevil', 'id': 576048895, 'first_name': 'Jagz'}, 'delete_chat_photo': False, 'message_id': 2036, 'caption_entities': [], 'channel_chat_created': False, 'new_chat_photo': [], 'group_chat_created': False, 'supergroup_chat_created': False, 'date': 1624178837, 'new_chat_members': [], 'from': {'is_bot': True, 'username': 'form_telebot', 'first_name': 'Form Bot', 'id': 1869792637}}
[2021-06-20 14:17:18,066] DEBUG [telegram.bot.decorator:131] Exiting: send_message
[2021-06-20 14:17:20,287] DEBUG [telegram.bot.get_updates:2824] Getting updates: [676219772]
[2021-06-20 14:17:20,288] DEBUG [telegram.bot.decorator:130] [<telegram.update.Update object at 0x7ff950d5f940>]
[2021-06-20 14:17:20,288] DEBUG [telegram.bot.decorator:131] Exiting: get_updates
[2021-06-20 14:17:20,288] DEBUG [telegram.bot.decorator:128] Entering: get_updates
[2021-06-20 14:17:20,289] DEBUG [telegram.ext.dispatcher.start:484] Processing Update: {'message': {'entities': [], 'text': 'sdfd', 'photo': [], 'chat': {'type': 'private', 'username': 'the_whitedevil', 'id': 576048895, 'first_name': 'Jagz'}, 'delete_chat_photo': False, 'message_id': 2037, 'caption_entities': [], 'channel_chat_created': False, 'new_chat_photo': [], 'group_chat_created': False, 'supergroup_chat_created': False, 'date': 1624178840, 'new_chat_members': [], 'from': {'is_bot': False, 'username': 'the_whitedevil', 'first_name': 'Jagz', 'id': 576048895, 'language_code': 'en'}}, 'update_id': 676219772}
[2021-06-20 14:17:20,289] DEBUG [telegram.ext.conversationhandler.check_update:558] selecting conversation (576048895, 576048895) with state None
[2021-06-20 14:17:20,290] DEBUG [telegram.bot.decorator:128] Entering: send_message
[2021-06-20 14:17:20,655] DEBUG [telegram.bot.decorator:130] {'entities': [{'type': 'bot_command', 'length': 5, 'offset': 32}], 'text': 'Use commands only !\nPlease type /help to know my commands', 'photo': [], 'chat': {'type': 'private', 'username': 'the_whitedevil', 'id': 576048895, 'first_name': 'Jagz'}, 'delete_chat_photo': False, 'message_id': 2038, 'caption_entities': [], 'channel_chat_created': False, 'new_chat_photo': [], 'group_chat_created': False, 'supergroup_chat_created': False, 'date': 1624178840, 'new_chat_members': [], 'from': {'is_bot': True, 'username': 'form_telebot', 'first_name': 'Form Bot', 'id': 1869792637}}
[2021-06-20 14:17:20,656] DEBUG [telegram.bot.decorator:131] Exiting: send_message
[2021-06-20 14:17:22,901] INFO [telegram.ext.updater._signal_handler:858] Received signal 2 (SIGINT), stopping...
[2021-06-20 14:17:22,901] INFO [apscheduler.scheduler.shutdown:198] Scheduler has been shut down
[2021-06-20 14:17:22,901] DEBUG [apscheduler.scheduler._process_jobs:940] Looking for jobs to run
[2021-06-20 14:17:22,901] DEBUG [apscheduler.scheduler._process_jobs:1016] No jobs; waiting until a job is added
[2021-06-20 14:17:22,902] DEBUG [telegram.ext.updater.stop:818] Stopping Updater and Dispatcher...
[2021-06-20 14:17:22,902] DEBUG [telegram.ext.updater._stop_dispatcher:843] Requesting Dispatcher to stop...
[2021-06-20 14:17:23,656] DEBUG [telegram.ext.dispatcher.start:477] orderly stopping
[2021-06-20 14:17:23,657] DEBUG [telegram.ext.dispatcher.start:489] Dispatcher thread stopped
[2021-06-20 14:17:23,657] DEBUG [telegram.ext.updater._thread_wrapper:358] Bot:1869792637:dispatcher - ended
[2021-06-20 14:17:23,704] DEBUG [telegram.ext.dispatcher.stop:509] Waiting for async thread 1/4 to end
[2021-06-20 14:17:23,704] DEBUG [telegram.ext.dispatcher._pooled:365] Closing run_async thread Bot:1869792637:worker:03157f44-6bb0-4376-8486-0eb9d7fe2696_1/4
[2021-06-20 14:17:23,705] DEBUG [telegram.ext.dispatcher._pooled:365] Closing run_async thread Bot:1869792637:worker:03157f44-6bb0-4376-8486-0eb9d7fe2696_3/4
[2021-06-20 14:17:23,705] DEBUG [telegram.ext.dispatcher._pooled:365] Closing run_async thread Bot:1869792637:worker:03157f44-6bb0-4376-8486-0eb9d7fe2696_2/4
[2021-06-20 14:17:23,705] DEBUG [telegram.ext.dispatcher._pooled:365] Closing run_async thread Bot:1869792637:worker:03157f44-6bb0-4376-8486-0eb9d7fe2696_0/4
[2021-06-20 14:17:23,706] DEBUG [telegram.ext.dispatcher.stop:512] async thread 1/4 has ended
[2021-06-20 14:17:23,706] DEBUG [telegram.ext.dispatcher.stop:509] Waiting for async thread 2/4 to end
[2021-06-20 14:17:23,706] DEBUG [telegram.ext.dispatcher.stop:512] async thread 2/4 has ended
[2021-06-20 14:17:23,706] DEBUG [telegram.ext.dispatcher.stop:509] Waiting for async thread 3/4 to end
[2021-06-20 14:17:23,706] DEBUG [telegram.ext.dispatcher.stop:512] async thread 3/4 has ended
[2021-06-20 14:17:23,706] DEBUG [telegram.ext.dispatcher.stop:509] Waiting for async thread 4/4 to end
[2021-06-20 14:17:23,706] DEBUG [telegram.ext.dispatcher.stop:512] async thread 4/4 has ended
[2021-06-20 14:17:23,706] DEBUG [telegram.ext.updater._join_threads:849] Waiting for Bot:1869792637:dispatcher thread to end
[2021-06-20 14:17:23,706] DEBUG [telegram.ext.updater._join_threads:851] Bot:1869792637:dispatcher thread has ended
[2021-06-20 14:17:23,707] DEBUG [telegram.ext.updater._join_threads:849] Waiting for Bot:1869792637:updater thread to end
[2021-06-20 14:17:30,454] DEBUG [telegram.bot.get_updates:2826] No new updates found.
[2021-06-20 14:17:30,454] DEBUG [telegram.bot.decorator:130] []
[2021-06-20 14:17:30,455] DEBUG [telegram.bot.decorator:131] Exiting: get_updates
[2021-06-20 14:17:30,455] DEBUG [telegram.ext.updater._thread_wrapper:358] Bot:1869792637:updater - ended
[2021-06-20 14:17:30,455] DEBUG [telegram.ext.updater._join_threads:851] Bot:1869792637:updater thread has ended
